<?xml version="1.0" encoding="UTF-8"?>
<!-- Generated by org.testng.reporters.JUnitXMLReporter -->
<testsuite ignored="0" hostname="SURYA" failures="2" tests="3" name="Test" time="8.575" errors="0" timestamp="2024-05-14T22:25:44 IST">
  <testcase classname="com.qa.testcases.ValidLoginTest" name="validateLoginTitle" time="1.577">
    <failure type="java.lang.NumberFormatException" message="Cannot parse null string">
      <![CDATA[java.lang.NumberFormatException: Cannot parse null string
at java.base/java.lang.Long.parseLong(Long.java:671)
at java.base/java.lang.Long.parseLong(Long.java:831)
at com.qa.pageObjects.BasePage.clickElement(BasePage.java:18)
at com.qa.pageObjects.HomePage.clickLoginButton(HomePage.java:19)
at com.qa.testcases.ValidLoginTest.validateLoginTitle(ValidLoginTest.java:17)
at java.base/java.util.ArrayList.forEach(ArrayList.java:1511)
... Removed 25 stack frames]]>
    </failure>
  </testcase> <!-- validateLoginTitle -->
  <testcase classname="com.qa.testcases.ValidLoginTest" name="enterValidCredentials" time="0.005">
    <failure type="java.lang.NumberFormatException" message="Cannot parse null string">
      <![CDATA[java.lang.NumberFormatException: Cannot parse null string
at java.base/java.lang.Long.parseLong(Long.java:671)
at java.base/java.lang.Long.parseLong(Long.java:831)
at com.qa.pageObjects.BasePage.enterText(BasePage.java:23)
at com.qa.pageObjects.LoginPage.enterUsername(LoginPage.java:28)
at com.qa.testcases.ValidLoginTest.enterValidCredentials(ValidLoginTest.java:24)
at java.base/java.util.ArrayList.forEach(ArrayList.java:1511)
... Removed 25 stack frames]]>
    </failure>
  </testcase> <!-- enterValidCredentials -->
  <testcase classname="com.qa.testcases.ValidateHomePageTitle" name="validateHomePageTitle" time="1.573"/>
</testsuite> <!-- Test -->
