<?xml version="1.0" encoding="UTF-8"?>
<testng-results ignored="0" total="1" passed="1" failed="0" skipped="0">
  <reporter-output>
  </reporter-output>
  <suite started-at="2024-05-14T22:36:15 IST" name="Default suite" finished-at="2024-05-14T22:36:20 IST" duration-ms="5311">
    <groups>
    </groups>
    <test started-at="2024-05-14T22:36:15 IST" name="Default test" finished-at="2024-05-14T22:36:20 IST" duration-ms="5311">
      <class name="com.qa.testcases.ValidateHomePageTitle">
        <test-method is-config="true" signature="setUp()[pri:0, instance:com.qa.testcases.ValidateHomePageTitle@6aeb35e6]" started-at="2024-05-14T22:36:15 IST" name="setUp" finished-at="2024-05-14T22:36:17 IST" duration-ms="2943" status="PASS">
          <reporter-output>
          </reporter-output>
        </test-method> <!-- setUp -->
        <test-method signature="validateHomePageTitle()[pri:1, instance:com.qa.testcases.ValidateHomePageTitle@6aeb35e6]" started-at="2024-05-14T22:36:18 IST" name="validateHomePageTitle" finished-at="2024-05-14T22:36:19 IST" duration-ms="1614" status="PASS">
          <reporter-output>
          </reporter-output>
        </test-method> <!-- validateHomePageTitle -->
        <test-method is-config="true" signature="tearDown()[pri:0, instance:com.qa.testcases.ValidateHomePageTitle@6aeb35e6]" started-at="2024-05-14T22:36:19 IST" name="tearDown" finished-at="2024-05-14T22:36:20 IST" duration-ms="670" status="PASS">
          <reporter-output>
          </reporter-output>
        </test-method> <!-- tearDown -->
      </class> <!-- com.qa.testcases.ValidateHomePageTitle -->
    </test> <!-- Default test -->
  </suite> <!-- Default suite -->
</testng-results>
